<?xml version="1.0" encoding="utf-8"?><testsuites name="pytest tests"><testsuite name="pytest" errors="0" failures="0" skipped="2" tests="2" time="0.021" timestamp="2025-10-20T22:47:40.060909-05:00" hostname="HEMANTH-VARMA-MacBook-Air.local"><testcase classname="" name="tests.unit.test_api_gateway" time="0.000"><skipped message="collection skipped">('/Users/hv/Desktop/Hemanth/AI/AI_Projects_Karun/ai_crash_test_prototype/tests/unit/test_api_gateway.py', 19, 'Skipped: API Gateway not available')</skipped></testcase><testcase classname="" name="tests.unit.test_prompt_injection" time="0.000"><skipped message="collection skipped">('/Users/hv/Desktop/Hemanth/AI/AI_Projects_Karun/ai_crash_test_prototype/tests/unit/test_prompt_injection.py', 22, 'Skipped: Prompt Injection Tester not available')</skipped></testcase></testsuite></testsuites>